TN:
SF:src/servers/auth/db_utils.ts
FN:23,_hashAndSalt
FN:31,(anonymous_1)
FN:47,getUserByUsername
FN:48,(anonymous_3)
FN:61,_getUserPasswordById
FN:67,authenticate
FN:88,insertUser
FNF:7
FNH:7
FNDA:3,_hashAndSalt
FNDA:3,(anonymous_1)
FNDA:4,getUserByUsername
FNDA:3,(anonymous_3)
FNDA:2,_getUserPasswordById
FNDA:2,authenticate
FNDA:1,insertUser
DA:6,1
DA:7,1
DA:24,3
DA:25,3
DA:32,3
DA:33,3
DA:37,3
DA:48,4
DA:50,4
DA:51,1
DA:54,3
DA:55,0
DA:58,3
DA:62,2
DA:64,2
DA:68,2
DA:69,2
DA:73,0
DA:77,2
DA:78,2
DA:79,2
DA:81,2
DA:82,0
DA:85,2
DA:89,1
DA:91,1
DA:93,0
DA:96,1
DA:101,1
DA:107,1
DA:110,1
LF:31
LH:27
BRDA:23,0,0,1
BRDA:23,1,0,1
BRDA:32,2,0,0
BRDA:32,2,1,3
BRDA:50,3,0,1
BRDA:50,3,1,3
BRDA:54,4,0,0
BRDA:54,4,1,3
BRDA:81,5,0,0
BRDA:81,5,1,2
BRF:10
BRH:7
end_of_record
TN:
SF:test/servers/auth/db_utils.test.ts
FN:6,(anonymous_0)
FN:7,(anonymous_1)
FN:8,(anonymous_2)
FN:15,(anonymous_3)
FN:16,(anonymous_4)
FNF:5
FNH:5
FNDA:1,(anonymous_0)
FNDA:1,(anonymous_1)
FNDA:1,(anonymous_2)
FNDA:1,(anonymous_3)
FNDA:1,(anonymous_4)
DA:1,1
DA:2,1
DA:3,1
DA:6,1
DA:7,1
DA:8,1
DA:9,1
DA:10,1
DA:11,1
DA:15,1
DA:16,1
DA:17,1
DA:18,1
LF:13
LH:13
BRF:0
BRH:0
end_of_record
